<?xml version="1.0" encoding="UTF-8"?>
<!-- Generated by org.testng.reporters.JUnitXMLReporter -->
<testsuite ignored="0" hostname="DESKTOP-40P37EV" failures="0" tests="5" name="Test" time="0.164" errors="0" timestamp="2022-01-29T14:12:37 IST">
  <testcase classname="ComCast.ContactTest.CreateContactTest" name="CreateContactTest" time="0.021"/>
  <testcase classname="ComCast.ContactTest.CreateContactWithOrgTest" name="CreateContactWithOrgTest" time="0.003"/>
  <testcase classname="ComCast.OrgTest.CreateOrgsTest" name="CreateOrgsTest" time="0.002"/>
  <testcase classname="ComCast.OrgTest.CreateOrgsTest" name="orgTest" time="0.003"/>
  <testcase classname="ComCast.OrgTest.CreateOrgwithIndTest" name="CreateOrgwithIndTest" time="0.004"/>
</testsuite> <!-- Test -->
